c:\users\park\source\repos\tcp\tcpserver\debug\vc142.pdb
c:\users\park\source\repos\tcp\tcpserver\debug\vc142.idb
c:\users\park\source\repos\tcp\tcpserver\debug\tcpservertest.obj
c:\users\park\source\repos\tcp\tcpserver\debug\tcpserver.obj
c:\users\park\source\repos\tcp\tcpserver\debug\tcpclient.obj
c:\users\park\source\repos\tcp\tcpserver\debug\quantats_thread_c.obj
c:\users\park\source\repos\tcp\tcpserver\debug\quantanet_tcp_c.obj
c:\users\park\source\repos\tcp\tcpserver\debug\quantanet_socketbase_c.obj
c:\users\park\source\repos\tcp\tcpserver\debug\quantanet_iovec_c.obj
c:\users\park\source\repos\tcp\tcpserver\debug\quantamisc_debug.obj
c:\users\park\source\repos\tcp\tcpserver\debug\quantainit.obj
c:\users\park\source\repos\tcp\tcpserver\debug\gettimeofday.obj
c:\users\park\source\repos\tcp\debug\tcpserver.ilk
c:\users\park\source\repos\tcp\debug\tcpserver.exe
c:\users\park\source\repos\tcp\debug\tcpserver.pdb
c:\users\susu\desktop\실습\tcp-nonblocking-cpp-quanta\tcpserver\debug\gettimeofday.obj
c:\users\susu\desktop\실습\tcp-nonblocking-cpp-quanta\tcpserver\debug\quantainit.obj
c:\users\susu\desktop\실습\tcp-nonblocking-cpp-quanta\tcpserver\debug\quantamisc_debug.obj
c:\users\susu\desktop\실습\tcp-nonblocking-cpp-quanta\tcpserver\debug\quantanet_iovec_c.obj
c:\users\susu\desktop\실습\tcp-nonblocking-cpp-quanta\tcpserver\debug\quantanet_socketbase_c.obj
c:\users\susu\desktop\실습\tcp-nonblocking-cpp-quanta\tcpserver\debug\quantanet_tcp_c.obj
c:\users\susu\desktop\실습\tcp-nonblocking-cpp-quanta\tcpserver\debug\quantats_thread_c.obj
c:\users\susu\desktop\실습\tcp-nonblocking-cpp-quanta\tcpserver\debug\tcpclient.obj
c:\users\susu\desktop\실습\tcp-nonblocking-cpp-quanta\tcpserver\debug\tcpserver.obj
c:\users\susu\desktop\실습\tcp-nonblocking-cpp-quanta\tcpserver\debug\tcpservertest.obj
c:\users\susu\desktop\실습\tcp-nonblocking-cpp-quanta\tcpserver\debug\vc142.idb
c:\users\susu\desktop\실습\tcp-nonblocking-cpp-quanta\tcpserver\debug\vc142.pdb
c:\users\susu\desktop\실습\tcp-nonblocking-cpp-quanta\tcpserver\debug\tcpserver.tlog\cl.command.1.tlog
c:\users\susu\desktop\실습\tcp-nonblocking-cpp-quanta\tcpserver\debug\tcpserver.tlog\cl.read.1.tlog
c:\users\susu\desktop\실습\tcp-nonblocking-cpp-quanta\tcpserver\debug\tcpserver.tlog\cl.write.1.tlog
c:\users\susu\desktop\실습\tcp-nonblocking-cpp-quanta\tcpserver\debug\tcpserver.tlog\link.command.1.tlog
c:\users\susu\desktop\실습\tcp-nonblocking-cpp-quanta\tcpserver\debug\tcpserver.tlog\link.read.1.tlog
c:\users\susu\desktop\실습\tcp-nonblocking-cpp-quanta\tcpserver\debug\tcpserver.tlog\link.write.1.tlog
