c:\users\park\source\repos\tcp\tcpclient\debug\vc142.pdb
c:\users\park\source\repos\tcp\tcpclient\debug\vc142.idb
c:\users\park\source\repos\tcp\tcpclient\debug\tcpclienttest.obj
c:\users\park\source\repos\tcp\tcpclient\debug\tcpclient.obj
c:\users\park\source\repos\tcp\tcpclient\debug\quantats_thread_c.obj
c:\users\park\source\repos\tcp\tcpclient\debug\quantanet_tcp_c.obj
c:\users\park\source\repos\tcp\tcpclient\debug\quantanet_socketbase_c.obj
c:\users\park\source\repos\tcp\tcpclient\debug\quantanet_iovec_c.obj
c:\users\park\source\repos\tcp\tcpclient\debug\quantamisc_debug.obj
c:\users\park\source\repos\tcp\tcpclient\debug\quantainit.obj
c:\users\park\source\repos\tcp\tcpclient\debug\gettimeofday.obj
c:\users\park\source\repos\tcp\debug\tcpclient.ilk
c:\users\park\source\repos\tcp\debug\tcpclient.exe
c:\users\park\source\repos\tcp\debug\tcpclient.pdb
c:\users\susu\desktop\실습\tcp-nonblocking-cpp-quanta\tcpclient\debug\gettimeofday.obj
c:\users\susu\desktop\실습\tcp-nonblocking-cpp-quanta\tcpclient\debug\quantainit.obj
c:\users\susu\desktop\실습\tcp-nonblocking-cpp-quanta\tcpclient\debug\quantamisc_debug.obj
c:\users\susu\desktop\실습\tcp-nonblocking-cpp-quanta\tcpclient\debug\quantanet_iovec_c.obj
c:\users\susu\desktop\실습\tcp-nonblocking-cpp-quanta\tcpclient\debug\quantanet_socketbase_c.obj
c:\users\susu\desktop\실습\tcp-nonblocking-cpp-quanta\tcpclient\debug\quantanet_tcp_c.obj
c:\users\susu\desktop\실습\tcp-nonblocking-cpp-quanta\tcpclient\debug\quantats_thread_c.obj
c:\users\susu\desktop\실습\tcp-nonblocking-cpp-quanta\tcpclient\debug\tcpclient.obj
c:\users\susu\desktop\실습\tcp-nonblocking-cpp-quanta\tcpclient\debug\tcpclienttest.obj
c:\users\susu\desktop\실습\tcp-nonblocking-cpp-quanta\tcpclient\debug\vc142.idb
c:\users\susu\desktop\실습\tcp-nonblocking-cpp-quanta\tcpclient\debug\vc142.pdb
c:\users\susu\desktop\실습\tcp-nonblocking-cpp-quanta\tcpclient\debug\tcpclient.tlog\cl.command.1.tlog
c:\users\susu\desktop\실습\tcp-nonblocking-cpp-quanta\tcpclient\debug\tcpclient.tlog\cl.read.1.tlog
c:\users\susu\desktop\실습\tcp-nonblocking-cpp-quanta\tcpclient\debug\tcpclient.tlog\cl.write.1.tlog
c:\users\susu\desktop\실습\tcp-nonblocking-cpp-quanta\tcpclient\debug\tcpclient.tlog\link.command.1.tlog
c:\users\susu\desktop\실습\tcp-nonblocking-cpp-quanta\tcpclient\debug\tcpclient.tlog\link.read.1.tlog
c:\users\susu\desktop\실습\tcp-nonblocking-cpp-quanta\tcpclient\debug\tcpclient.tlog\link.write.1.tlog
